[ 2014-07-08 17:47:10.2310 3155/0x7fff7c095310 agents/Watchdog/Main.cpp:538 ]: Options: { 'analytics_log_user' => 'cathy', 'cleanup_pidfiles' => 'L3Zhci9mb2xkZXJzL3E3L2dwbmdja3oxNzMzYmczbDhkbHdicWtmMDAwMDBnbi9UL3Bhc3Nlbmdlci1zdGFuZGFsb25lLjFqeHM3bmcvdGVtcF9kaXJfdG91Y2hlci5waWQ=', 'default_group' => 'staff', 'default_python' => 'python', 'default_ruby' => '/usr/local/rvm/wrappers/ruby-1.9.3-p392/ruby', 'default_user' => 'cathy', 'log_level' => '0', 'max_pool_size' => '6', 'passenger_root' => '/var/folders/q7/gpngckz1733bg3l8dlwbqkf00000gn/T/passenger-standalone.1jxs7ng/locations.ini', 'passenger_version' => '4.0.45', 'pool_idle_time' => '300', 'prestart_urls' => 'aHR0cDovLzAuMC4wLjA6MzAwMAA=', 'temp_dir' => '/tmp', 'union_station_gateway_address' => 'gateway.unionstationapp.com', 'union_station_gateway_port' => '443', 'user_switching' => 'false', 'web_server_passenger_version' => '4.0.45', 'web_server_pid' => '3154', 'web_server_type' => 'nginx', 'web_server_worker_gid' => '-1', 'web_server_worker_uid' => '-1' }
[ 2014-07-08 17:47:10.2511 3157/0x7fff7c095310 agents/HelperAgent/Main.cpp:649 ]: PassengerHelperAgent online, listening at unix:/tmp/passenger.1.0.3154/generation-0/request
[ 2014-07-08 17:47:10.2594 3159/0x7fff7c095310 agents/LoggingAgent/Main.cpp:321 ]: PassengerLoggingAgent online, listening at unix:/tmp/passenger.1.0.3154/generation-0/logging
[ 2014-07-08 17:47:10.2596 3155/0x7fff7c095310 agents/Watchdog/Main.cpp:728 ]: All Phusion Passenger agents started!
App 3174 stdout: 
App 3174 stderr:         SECURITY WARNING: No secret option provided to Rack::Session::Cookie.
App 3174 stderr:         This poses a security threat. It is strongly recommended that you
App 3174 stderr:         provide a secret to prevent exploits that may be possible from crafted
App 3174 stderr:         cookies. This will not be supported in future versions of Rack, and
App 3174 stderr:         future versions will even invalidate your existing user cookies.
App 3174 stderr: 
App 3174 stderr:         Called from: /usr/local/rvm/gems/ruby-1.9.3-p392/gems/actionpack-3.2.5/lib/action_dispatch/middleware/session/abstract_store.rb:28:in `initialize'.
App 3174 stderr: 
[ 2014-07-08 17:47:15.6681 3157/0x102f8a000 Pool2/SmartSpawner.h:297 ]: Preloader for /Users/cathy/Projects/wardround started on PID 3174, listening on unix:/tmp/passenger.1.0.3154/generation-0/backends/preloader.3174
App 3210 stdout: 
App 3174 stderr: /Users/cathy/Projects/wardround/app/models/patient.rb:28: warning: found = in conditional, should be ==
App 3174 stderr: /Users/cathy/Projects/wardround/app/models/patient.rb:32: warning: found = in conditional, should be ==
App 3218 stdout: 
[ 2014-07-08 22:13:29.5101 6139/0x7fff78102310 agents/Watchdog/Main.cpp:538 ]: Options: { 'analytics_log_user' => 'cathy', 'cleanup_pidfiles' => 'L3Zhci9mb2xkZXJzL3E3L2dwbmdja3oxNzMzYmczbDhkbHdicWtmMDAwMDBnbi9UL3Bhc3Nlbmdlci1zdGFuZGFsb25lLmJ6b2Vmby90ZW1wX2Rpcl90b3VjaGVyLnBpZA==', 'default_group' => 'staff', 'default_python' => 'python', 'default_ruby' => '/usr/local/rvm/gems/ruby-2.1.1/wrappers/ruby', 'default_user' => 'cathy', 'log_level' => '0', 'max_pool_size' => '6', 'passenger_root' => '/var/folders/q7/gpngckz1733bg3l8dlwbqkf00000gn/T/passenger-standalone.bzoefo/locations.ini', 'passenger_version' => '4.0.45', 'pool_idle_time' => '300', 'prestart_urls' => 'aHR0cDovLzAuMC4wLjA6MzAwMAA=', 'temp_dir' => '/tmp', 'union_station_gateway_address' => 'gateway.unionstationapp.com', 'union_station_gateway_port' => '443', 'user_switching' => 'false', 'web_server_passenger_version' => '4.0.45', 'web_server_pid' => '6138', 'web_server_type' => 'nginx', 'web_server_worker_gid' => '-1', 'web_server_worker_uid' => '-1' }
[ 2014-07-08 22:13:29.5731 6141/0x7fff78102310 agents/HelperAgent/Main.cpp:649 ]: PassengerHelperAgent online, listening at unix:/tmp/passenger.1.0.6138/generation-0/request
[ 2014-07-08 22:13:29.5806 6143/0x7fff78102310 agents/LoggingAgent/Main.cpp:321 ]: PassengerLoggingAgent online, listening at unix:/tmp/passenger.1.0.6138/generation-0/logging
[ 2014-07-08 22:13:29.5809 6139/0x7fff78102310 agents/Watchdog/Main.cpp:728 ]: All Phusion Passenger agents started!
App 6156 stdout: 
App 6156 stderr:         SECURITY WARNING: No secret option provided to Rack::Session::Cookie.
App 6156 stderr:         This poses a security threat. It is strongly recommended that you
App 6156 stderr:         provide a secret to prevent exploits that may be possible from crafted
App 6156 stderr:         cookies. This will not be supported in future versions of Rack, and
App 6156 stderr:         future versions will even invalidate your existing user cookies.
App 6156 stderr: 
App 6156 stderr:         Called from: /usr/local/rvm/gems/ruby-2.1.1/gems/actionpack-3.2.5/lib/action_dispatch/middleware/session/abstract_store.rb:28:in `initialize'.
[ 2014-07-08 22:13:34.6650 6141/0x102b23000 Pool2/SmartSpawner.h:297 ]: Preloader for /Users/cathy/Projects/wardround started on PID 6156, listening on unix:/tmp/passenger.1.0.6138/generation-0/backends/preloader.6156
App 6226 stdout: 
